<?xml version="1.0" encoding="UTF-8"?>
<!-- Generated by org.testng.reporters.JUnitXMLReporter -->
<testsuite hostname="LAPTOP-2TR9QOUP" ignored="0" name="Test" tests="4" failures="0" timestamp="19 Sep 2018 02:29:02 GMT" time="0.066" errors="0">
  <testcase name="C1M1" time="0.017" classname="automation_suite.TestngClass1"/>
  <testcase name="C1M2" time="0.002" classname="automation_suite.TestngClass1"/>
  <testcase name="C2M1" time="0.002" classname="automation_suite.TestngClass2"/>
  <testcase name="C2M2" time="0.001" classname="automation_suite.TestngClass2"/>
</testsuite> <!-- Test -->
